<?xml version="1.0" encoding="UTF-8"?>
<!-- Generated by org.testng.reporters.JUnitXMLReporter -->
<testsuite hostname="GGN000123614005" ignored="0" name="Test" tests="6" failures="0" timestamp="2020-10-12T10:16:05 IST" time="13.435" errors="0">
  <testcase name="demo1" time="0.011" classname="Test1.Class1"/>
  <testcase name="demo2" time="13.361" classname="Test1.Class1"/>
  <testcase name="demo4" time="0.001" classname="Test1.Class2"/>
  <testcase name="demo4" time="0.001" classname="Test1.Class2"/>
  <testcase name="demo4" time="0.002" classname="Test1.Class2"/>
  <testcase name="demo3" time="0.002" classname="Test1.Class2"/>
</testsuite> <!-- Test -->
